<!-- com.ibm.etools.logging.util log file -->
<NODE logging.util.node_id="NODE.localhost" logging.util.hostname="localhost" logging.util.ipaddress="127.0.0.1" logging.util.timezone="480" logging.util.time="1199122372.156"/>
<PROCESS_CREATE logging.util.process_id="PROCESS_CREATE.eclipse.1199122372.156" logging.util.pid="1097941361" logging.util.node_idref="NODE.localhost" logging.util.time="1199122372.156" logging.util.process_environment="unknown" logging.util.process_application_execution=""/>
<AGENT_CREATE logging.util.agent_id="AGENT_CREATE.com.ibm.etools.logging.util.1199122372.062" logging.util.agent_version="1.000" logging.util.process_idref="PROCESS_CREATE.eclipse.1199122372.156" logging.util.agent_name="com.ibm.etools.logging.util" logging.util.agent_type="Logging" logging.util.agent_parameters="" logging.util.time="1199122372.062"/>
<BuildInfo logging.util.id="com.ibm.etools.logging.util.BuildInfo_11991223720930000" logging.util.agent_idref="com.ibm.etools.logging.util" logging.util.MsgLoggerLevel="CONFIG" WSABuildLevel="20040506_1735-WB213-AD-V512D-W5">
 <Class Instance_Name="Class" logging.util.id="java.lang.Class_11991223720930001" Name="com.ibm.etools.logging.util.BuildInfo" Type="class" Package="com.ibm.etools.logging.util" Modifers="public" Superclass="java.lang.Object"/>
</BuildInfo>
<AGENT_CREATE logging.util.agent_id="AGENT_CREATE.com.ibm.etools.websphere.tools.v5.common.1199122372.171" logging.util.agent_version="1.000" logging.util.process_idref="PROCESS_CREATE.eclipse.1199122372.156" logging.util.agent_name="com.ibm.etools.websphere.tools.v5.common" logging.util.agent_type="Logging" logging.util.agent_parameters="" logging.util.time="1199122372.171"/>
<String logging.util.agent_idref="com.ibm.etools.websphere.tools.v5.common" logging.util.MsgLoggerLevel="CONFIG" Value="5.1.1"/>
<AGENT_CREATE logging.util.agent_id="AGENT_CREATE.com.ibm.etools.websphere.tools.common.1199122372.187" logging.util.agent_version="1.000" logging.util.process_idref="PROCESS_CREATE.eclipse.1199122372.156" logging.util.agent_name="com.ibm.etools.websphere.tools.common" logging.util.agent_type="Logging" logging.util.agent_parameters="" logging.util.time="1199122372.187"/>
<String logging.util.agent_idref="com.ibm.etools.websphere.tools.common" logging.util.MsgLoggerLevel="CONFIG" Value="5.1.1.1"/>
<AGENT_CREATE logging.util.agent_id="AGENT_CREATE.com.ibm.etools.rdblib.1199122372.25" logging.util.agent_version="1.000" logging.util.process_idref="PROCESS_CREATE.eclipse.1199122372.156" logging.util.agent_name="com.ibm.etools.rdblib" logging.util.agent_type="Logging" logging.util.agent_parameters="" logging.util.time="1199122372.25"/>
<BuildInfo logging.util.id="com.ibm.etools.rdblib.BuildInfo_11991223722500000" logging.util.agent_idref="com.ibm.etools.rdblib" logging.util.MsgLoggerLevel="CONFIG" WSABuildLevel="20040506_1735-WB213-AD-V512D-W5">
 <Class Instance_Name="Class" logging.util.id="java.lang.Class_11991223722500001" Name="com.ibm.etools.rdblib.BuildInfo" Type="class" Package="com.ibm.etools.rdblib" Modifers="public" Superclass="java.lang.Object"/>
</BuildInfo>
<String logging.util.agent_idref="com.ibm.etools.websphere.tools.common" logging.util.MsgLoggerLevel="WARNING" Value="2 Mon Dec 31 09:32:52 PST 2007 com.ibm.etools.websphere.tools.WebSpherePlugin.startup(): Cannot set the DB2 driver location java variable."/>
<String logging.util.agent_idref="com.ibm.etools.websphere.tools.v5.common" logging.util.MsgLoggerLevel="WARNING" Value="2 Mon Dec 31 09:32:52 PST 2007 com.ibm.etools.websphere.tools.v5.common.internal.WebSpherePluginV5Common.startup(): Cannot set the impl factory property jar file java variable."/>
<AGENT_CREATE logging.util.agent_id="AGENT_CREATE.com.ibm.etools.websphere.tools.v51.1199122372.75" logging.util.agent_version="1.000" logging.util.process_idref="PROCESS_CREATE.eclipse.1199122372.156" logging.util.agent_name="com.ibm.etools.websphere.tools.v51" logging.util.agent_type="Logging" logging.util.agent_parameters="" logging.util.time="1199122372.75"/>
<String logging.util.agent_idref="com.ibm.etools.websphere.tools.v51" logging.util.MsgLoggerLevel="CONFIG" Value="5.1.1.1"/>
<String logging.util.agent_idref="com.ibm.etools.websphere.tools.v5.common" logging.util.MsgLoggerLevel="WARNING" Value="2 Mon Dec 31 09:32:52 PST 2007 com.ibm.etools.websphere.tools.v51.WebSpherePluginV51.startup(): Cannot set the impl factory property jar file java variable."/>
<AGENT_CREATE logging.util.agent_id="AGENT_CREATE.com.ibm.etools.pd.security.1199122373.093" logging.util.agent_version="1.000" logging.util.process_idref="PROCESS_CREATE.eclipse.1199122372.156" logging.util.agent_name="com.ibm.etools.pd.security" logging.util.agent_type="Logging" logging.util.agent_parameters="" logging.util.time="1199122373.093"/>
<BuildInfo logging.util.id="com.ibm.etools.pd.security.BuildInfo_11991223730930000" logging.util.agent_idref="com.ibm.etools.pd.security" logging.util.MsgLoggerLevel="CONFIG" WSABuildLevel="20040506_1735-WB213-AD-V512D-W5">
 <Class Instance_Name="Class" logging.util.id="java.lang.Class_11991223730930001" Name="com.ibm.etools.pd.security.BuildInfo" Type="class" Package="com.ibm.etools.pd.security" Modifers="public" Superclass="java.lang.Object"/>
</BuildInfo>
<AGENT_CREATE logging.util.agent_id="AGENT_CREATE.com.ibm.etools.validation.1199122376.421" logging.util.agent_version="1.000" logging.util.process_idref="PROCESS_CREATE.eclipse.1199122372.156" logging.util.agent_name="com.ibm.etools.validation" logging.util.agent_type="Logging" logging.util.agent_parameters="" logging.util.time="1199122376.421"/>
<BuildInfo logging.util.id="com.ibm.etools.validate.plugin.BuildInfo_11991223764210000" logging.util.agent_idref="com.ibm.etools.validation" logging.util.MsgLoggerLevel="CONFIG" WSABuildLevel="20040506_1735-WB213-AD-V512D-W5">
 <Class Instance_Name="Class" logging.util.id="java.lang.Class_11991223764210001" Name="com.ibm.etools.validate.plugin.BuildInfo" Type="class" Package="com.ibm.etools.validate.plugin" Modifers="public" Superclass="java.lang.Object"/>
</BuildInfo>
<BuildInfo logging.util.id="com.ibm.etools.validate.mof.plugin.BuildInfo_11991223764370000" logging.util.agent_idref="com.ibm.etools.validation" logging.util.MsgLoggerLevel="CONFIG" WSABuildLevel="20040506_1735-WB213-AD-V512D-W5">
 <Class Instance_Name="Class" logging.util.id="java.lang.Class_11991223764370001" Name="com.ibm.etools.validate.mof.plugin.BuildInfo" Type="class" Package="com.ibm.etools.validate.mof.plugin" Modifers="public" Superclass="java.lang.Object"/>
</BuildInfo>
<AGENT_CREATE logging.util.agent_id="AGENT_CREATE.com.ibm.sed.model.1199122376.453" logging.util.agent_version="1.000" logging.util.process_idref="PROCESS_CREATE.eclipse.1199122372.156" logging.util.agent_name="com.ibm.sed.model" logging.util.agent_type="Logging" logging.util.agent_parameters="" logging.util.time="1199122376.453"/>
<BuildInfo logging.util.id="com.ibm.sed.model.BuildInfo_11991223764530000" logging.util.agent_idref="com.ibm.sed.model" logging.util.MsgLoggerLevel="CONFIG" WSABuildLevel="20040506_1735-WB213-AD-V512D-W5">
 <Class Instance_Name="Class" logging.util.id="java.lang.Class_11991223764530001" Name="com.ibm.sed.model.BuildInfo" Type="class" Package="com.ibm.sed.model" Modifers="public" Superclass="java.lang.Object"/>
</BuildInfo>
<AGENT_CREATE logging.util.agent_id="AGENT_CREATE.com.ibm.etools.webtools.1199122376.64" logging.util.agent_version="1.000" logging.util.process_idref="PROCESS_CREATE.eclipse.1199122372.156" logging.util.agent_name="com.ibm.etools.webtools" logging.util.agent_type="Logging" logging.util.agent_parameters="" logging.util.time="1199122376.64"/>
<BuildInfo logging.util.id="com.ibm.etools.logging.util.BuildInfo_11991223766400000" logging.util.agent_idref="com.ibm.etools.webtools" logging.util.MsgLoggerLevel="CONFIG" WSABuildLevel="20040506_1735-WB213-AD-V512D-W5">
 <Class Instance_Name="Class" logging.util.id="java.lang.Class_11991223766400001" Name="com.ibm.etools.logging.util.BuildInfo" Type="class" Package="com.ibm.etools.logging.util" Modifers="public" Superclass="java.lang.Object"/>
</BuildInfo>
<String logging.util.agent_idref="com.ibm.etools.webtools" logging.util.MsgLoggerLevel="CONFIG" Value="20040506_1735-WB213-AD-V512D-W5"/>
<AGENT_CREATE logging.util.agent_id="AGENT_CREATE.Default Logging Agent.1199122376.703" logging.util.agent_version="1.000" logging.util.process_idref="PROCESS_CREATE.eclipse.1199122372.156" logging.util.agent_name="Default Logging Agent" logging.util.agent_type="Logging" logging.util.agent_parameters="" logging.util.time="1199122376.703"/>
<BuildInfo logging.util.id="com.ibm.sed.preferences.BuildInfo_11991223767030000" logging.util.agent_idref="Default Logging Agent" logging.util.MsgLoggerLevel="CONFIG" WSABuildLevel="20040506_1735-WB213-AD-V512D-W5">
 <Class Instance_Name="Class" logging.util.id="java.lang.Class_11991223767030001" Name="com.ibm.sed.preferences.BuildInfo" Type="class" Package="com.ibm.sed.preferences" Modifers="public" Superclass="java.lang.Object"/>
</BuildInfo>
<AGENT_CREATE logging.util.agent_id="AGENT_CREATE.com.ibm.etools.struts.1199122378.796" logging.util.agent_version="1.000" logging.util.process_idref="PROCESS_CREATE.eclipse.1199122372.156" logging.util.agent_name="com.ibm.etools.struts" logging.util.agent_type="Logging" logging.util.agent_parameters="" logging.util.time="1199122378.796"/>
<BuildInfo logging.util.id="com.ibm.etools.struts.BuildInfo_11991223787960000" logging.util.agent_idref="com.ibm.etools.struts" logging.util.MsgLoggerLevel="CONFIG" WSABuildLevel="20040506_1735-WB213-AD-V512D-W5">
 <Class Instance_Name="Class" logging.util.id="java.lang.Class_11991223787960001" Name="com.ibm.etools.struts.BuildInfo" Type="class" Package="com.ibm.etools.struts" Modifers="public" Superclass="java.lang.Object"/>
</BuildInfo>
<String logging.util.agent_idref="Default Logging Agent" logging.util.MsgLoggerLevel="CONFIG" Value="5.1.1"/>
<String logging.util.agent_idref="Default Logging Agent" logging.util.MsgLoggerLevel="CONFIG" Value="5.1.1"/>
<AGENT_CREATE logging.util.agent_id="AGENT_CREATE.com.ibm.etools.websphere.tools.v5.1199122386.734" logging.util.agent_version="1.000" logging.util.process_idref="PROCESS_CREATE.eclipse.1199122372.156" logging.util.agent_name="com.ibm.etools.websphere.tools.v5" logging.util.agent_type="Logging" logging.util.agent_parameters="" logging.util.time="1199122386.734"/>
<String logging.util.agent_idref="com.ibm.etools.websphere.tools.v5" logging.util.MsgLoggerLevel="CONFIG" Value="5.1.1.1"/>
<String logging.util.agent_idref="com.ibm.etools.websphere.tools.v5.common" logging.util.MsgLoggerLevel="WARNING" Value="2 Mon Dec 31 09:33:06 PST 2007 com.ibm.etools.websphere.tools.v5.WebSpherePluginV5.startup(): Cannot set the impl factory property jar file java variable."/>
<AGENT_CREATE logging.util.agent_id="AGENT_CREATE.com.ibm.etools.websphere.tools.v4.1199122387.046" logging.util.agent_version="1.000" logging.util.process_idref="PROCESS_CREATE.eclipse.1199122372.156" logging.util.agent_name="com.ibm.etools.websphere.tools.v4" logging.util.agent_type="Logging" logging.util.agent_parameters="" logging.util.time="1199122387.046"/>
<String logging.util.agent_idref="com.ibm.etools.websphere.tools.v4" logging.util.MsgLoggerLevel="CONFIG" Value="5.1.1"/>
<AGENT_CREATE logging.util.agent_id="AGENT_CREATE.com.ibm.etools.rft.1199122387.453" logging.util.agent_version="1.000" logging.util.process_idref="PROCESS_CREATE.eclipse.1199122372.156" logging.util.agent_name="com.ibm.etools.rft" logging.util.agent_type="Logging" logging.util.agent_parameters="" logging.util.time="1199122387.453"/>
<String logging.util.agent_idref="com.ibm.etools.rft" logging.util.MsgLoggerLevel="CONFIG" Value="5.0.20020126"/>
<String logging.util.agent_idref="com.ibm.etools.rft" logging.util.MsgLoggerLevel="WARNING" Value="2 Mon Dec 31 09:33:07 PST 2007 com.ibm.etools.rft.ConnectionDataCreationManager.load(): Could not load rft creation cache file since the file is not found."/>
<String logging.util.agent_idref="com.ibm.etools.rft" logging.util.MsgLoggerLevel="WARNING" Value="2 Mon Dec 31 09:33:07 PST 2007 com.ibm.etools.rft.ConnectionDataCreationManager.load(): Could not load rft creation cache file: java.io.FileNotFoundException: C:\Documents and Settings\Ronald\My Documents\IBM\wsappdev51\pamaco4\.metadata\.plugins\com.ibm.etools.rft\rftCreation.xml (The system cannot find the file specified.&#xD;&#xA;)"/>
<BuildInfo logging.util.id="com.ibm.etools.index.BuildInfo_11991226953120000" logging.util.agent_idref="Default Logging Agent" logging.util.MsgLoggerLevel="CONFIG" WSABuildLevel="20040506_1735-WB213-AD-V512D-W5">
 <Class Instance_Name="Class" logging.util.id="java.lang.Class_11991226953120001" Name="com.ibm.etools.index.BuildInfo" Type="class" Package="com.ibm.etools.index" Modifers="public" Superclass="java.lang.Object"/>
</BuildInfo>
