WebappLoader[]: Deploying class repositories to work directory C:\Documents and Settings\Ronald\My Documents\IBM\wsappdev51\pamaco4\.metadata\.plugins\org.eclipse.tomcat\ROOT
StandardManager[]: Seeding random number generator class java.security.SecureRandom
StandardManager[]: Seeding of random number generator has been completed
StandardWrapper[:default]: Loading container servlet default
StandardWrapper[:invoker]: Loading container servlet invoker
HttpConnector Opening server socket on all host IP addresses
HttpConnector[0] Starting background thread
HttpProcessor[0][0] Starting background thread
HttpProcessor[0][1] Starting background thread
HttpProcessor[0][2] Starting background thread
HttpProcessor[0][3] Starting background thread
HttpProcessor[0][4] Starting background thread
WebappLoader[/help]: Deploying class repositories to work directory C:\Documents and Settings\Ronald\My Documents\IBM\wsappdev51\pamaco4\.metadata\.plugins\org.eclipse.tomcat\help
WebappLoader[/help]: Deploy JAR /WEB-INF/lib/jsp.jar to C:\Program Files\IBM\WebSphere Studio\Application Developer\v5.1.2\eclipse\plugins\org.eclipse.help.webapp_2.1.3\WEB-INF\lib\jsp.jar
WebappLoader[/help]: Deploy JAR /WEB-INF/lib/servlets.jar to C:\Program Files\IBM\WebSphere Studio\Application Developer\v5.1.2\eclipse\plugins\org.eclipse.help.webapp_2.1.3\WEB-INF\lib\servlets.jar
StandardManager[/help]: Seeding random number generator class java.security.SecureRandom
StandardManager[/help]: Seeding of random number generator has been completed
StandardWrapper[/help:default]: Loading container servlet default
StandardWrapper[/help:invoker]: Loading container servlet invoker
HttpProcessor[0][4] Stopping background thread
HttpProcessor[0][3] Stopping background thread
HttpProcessor[0][2] Stopping background thread
HttpProcessor[0][1] Stopping background thread
HttpProcessor[0][0] Stopping background thread
HttpConnector[0] Stopping background thread
